<?xml version="1.0" encoding="UTF-8"?>
<testng-results skipped="0" failed="0" ignored="0" total="6" passed="6">
  <reporter-output>
  </reporter-output>
  <suite name="Default suite" duration-ms="85" started-at="2017-04-03T21:23:07Z" finished-at="2017-04-03T21:23:07Z">
    <groups>
    </groups>
    <test name="Default test" duration-ms="85" started-at="2017-04-03T21:23:07Z" finished-at="2017-04-03T21:23:07Z">
      <class name="TestNGFiles.DependencyAnnotations">
        <test-method status="PASS" signature="OpeningBrowser()[pri:0, instance:TestNGFiles.DependencyAnnotations@48eff760]" name="OpeningBrowser" duration-ms="15" started-at="2017-04-03T16:23:07Z" finished-at="2017-04-03T16:23:07Z">
          <reporter-output>
          </reporter-output>
        </test-method> <!-- OpeningBrowser -->
        <test-method status="PASS" signature="FirstName()[pri:0, instance:TestNGFiles.DependencyAnnotations@48eff760]" name="FirstName" duration-ms="2" started-at="2017-04-03T16:23:07Z" depends-on-methods="TestNGFiles.DependencyAnnotations.OpeningBrowser" finished-at="2017-04-03T16:23:07Z">
          <reporter-output>
          </reporter-output>
        </test-method> <!-- FirstName -->
        <test-method status="PASS" signature="LastName()[pri:0, instance:TestNGFiles.DependencyAnnotations@48eff760]" name="LastName" duration-ms="2" started-at="2017-04-03T16:23:07Z" depends-on-methods="TestNGFiles.DependencyAnnotations.FirstName" finished-at="2017-04-03T16:23:07Z">
          <reporter-output>
          </reporter-output>
        </test-method> <!-- LastName -->
        <test-method status="PASS" signature="GmailAddress()[pri:0, instance:TestNGFiles.DependencyAnnotations@48eff760]" name="GmailAddress" duration-ms="2" started-at="2017-04-03T16:23:07Z" depends-on-methods="TestNGFiles.DependencyAnnotations.LastName" finished-at="2017-04-03T16:23:07Z">
          <reporter-output>
          </reporter-output>
        </test-method> <!-- GmailAddress -->
        <test-method status="PASS" signature="Password()[pri:0, instance:TestNGFiles.DependencyAnnotations@48eff760]" name="Password" duration-ms="3" started-at="2017-04-03T16:23:07Z" depends-on-methods="TestNGFiles.DependencyAnnotations.GmailAddress" finished-at="2017-04-03T16:23:07Z">
          <reporter-output>
          </reporter-output>
        </test-method> <!-- Password -->
        <test-method status="PASS" signature="Submit()[pri:0, instance:TestNGFiles.DependencyAnnotations@48eff760]" name="Submit" duration-ms="2" started-at="2017-04-03T16:23:07Z" depends-on-methods="TestNGFiles.DependencyAnnotations.Password" finished-at="2017-04-03T16:23:07Z">
          <reporter-output>
          </reporter-output>
        </test-method> <!-- Submit -->
      </class> <!-- TestNGFiles.DependencyAnnotations -->
    </test> <!-- Default test -->
  </suite> <!-- Default suite -->
</testng-results>
