<?xml version="1.0" encoding="UTF-8"?>
<!-- Generated by org.testng.reporters.JUnitXMLReporter -->
<testsuite hostname="LAPTOP-NSBDKA9J" ignored="0" name="Default test" tests="6" failures="0" timestamp="03 Apr 2017 21:23:07 GMT" time="0.085" errors="0">
  <testcase name="OpeningBrowser" time="0.015" classname="TestNGFiles.DependencyAnnotations"/>
  <testcase name="FirstName" time="0.002" classname="TestNGFiles.DependencyAnnotations"/>
  <testcase name="LastName" time="0.002" classname="TestNGFiles.DependencyAnnotations"/>
  <testcase name="GmailAddress" time="0.002" classname="TestNGFiles.DependencyAnnotations"/>
  <testcase name="Password" time="0.003" classname="TestNGFiles.DependencyAnnotations"/>
  <testcase name="Submit" time="0.002" classname="TestNGFiles.DependencyAnnotations"/>
</testsuite> <!-- Default test -->
